<?xml version="1.0" encoding="UTF-8"?>
<testng-results skipped="0" failed="0" total="1" passed="1">
  <reporter-output>
  </reporter-output>
  <suite name="SupplierSuite" duration-ms="60617" started-at="2018-02-13T13:37:42Z" finished-at="2018-02-13T13:38:43Z">
    <groups>
    </groups>
    <test name="SupplierTestone" duration-ms="60617" started-at="2018-02-13T13:37:42Z" finished-at="2018-02-13T13:38:43Z">
      <class name="Search.Search_Dotw">
        <test-method status="PASS" signature="SearchDotw(java.lang.String)[pri:0, instance:Search.Search_Dotw@3d921e20]" name="SearchDotw" duration-ms="57963" started-at="2018-02-13T19:07:42Z" finished-at="2018-02-13T19:08:40Z">
          <params>
            <param index="0">
              <value>
                <![CDATA[CH]]>
              </value>
            </param>
          </params>
          <reporter-output>
          </reporter-output>
        </test-method> <!-- SearchDotw -->
        <test-method status="PASS" signature="getResult(org.testng.ITestResult)[pri:0, instance:Search.Search_Dotw@3d921e20]" name="getResult" is-config="true" duration-ms="3" started-at="2018-02-13T19:08:40Z" finished-at="2018-02-13T19:08:40Z">
          <params>
            <param index="0">
              <value>
                <![CDATA[[TestResult name=SearchDotw status=SUCCESS method=Search_Dotw.SearchDotw(java.lang.String)[pri:0, instance:Search.Search_Dotw@3d921e20] output={null}]]]>
              </value>
            </param>
          </params>
          <reporter-output>
          </reporter-output>
        </test-method> <!-- getResult -->
        <test-method status="PASS" signature="afterTest()[pri:0, instance:Search.Search_Dotw@3d921e20]" name="afterTest" is-config="true" duration-ms="2636" started-at="2018-02-13T19:08:40Z" finished-at="2018-02-13T19:08:43Z">
          <reporter-output>
          </reporter-output>
        </test-method> <!-- afterTest -->
      </class> <!-- Search.Search_Dotw -->
    </test> <!-- SupplierTestone -->
  </suite> <!-- SupplierSuite -->
</testng-results>
