<?xml version="1.0" encoding="UTF-8"?>
<!-- Generated by org.testng.reporters.JUnitXMLReporter -->
<testsuite hostname="PC350015" name="SupplierTestone" tests="1" failures="1" timestamp="2 Feb 2018 05:48:32 GMT" time="80.103" errors="0">
  <testcase name="CreditCardBook" time="80.04" classname="Booking.Credit_Card_Book">
    <failure type="java.lang.AssertionError" message="expected [true] but found [false] expected [true] but found [false]">
      <![CDATA[java.lang.AssertionError: expected [true] but found [false] expected [true] but found [false]
	at Booking.Credit_Card_Book.CreditCardBook(Credit_Card_Book.java:300)
... Removed 27 stack frames]]>
    </failure>
  </testcase> <!-- CreditCardBook -->
</testsuite> <!-- SupplierTestone -->
